2024-03-17 20:53:46 - Started analysis of 39001_Thames
2024-03-17 20:53:50 - Input data:
1883    510.570
1884    230.950
1885    244.210
1886        NaN
1887    283.780
1888    207.590
1889    237.420
1890    204.530
1891    339.400
1892        NaN
1893    299.720
1894    806.000
1895        NaN
1896    201.640
1897    350.870
1898    171.380
1899    262.100
1900    533.300
1901    200.480
1902        NaN
1903    385.970
1904    516.570
1905    229.480
1906    249.050
1907    375.650
1908        NaN
1909    203.850
1910    427.960
1911        NaN
1912    366.760
1913    255.260
1914    256.360
1915    585.080
1916    373.500
1917        NaN
1918    350.550
1919    334.240
1920    250.840
1921    240.000
1922    197.800
1923    231.370
1924    297.570
1925    521.880
1926    369.920
1927    374.650
1928    526.150
1929    551.930
1930    228.320
1931        NaN
1932    274.410
1933    478.530
1934     94.560
1935    227.320
1936    478.210
1937    437.800
1938        NaN
1939    369.450
1940    409.540
1941        NaN
1942    298.300
1943    456.950
1944    260.890
1945    256.630
1946        NaN
1947    714.160
1948    227.420
1949    298.780
1950    324.240
1951    384.810
1952    263.260
1953        NaN
1954    452.690
1955        NaN
1956    315.610
1957    314.140
1958    316.610
1959    374.760
1960    455.900
1961        NaN
1962    344.240
1963    285.570
1964    369.290
1965    122.000
1966    323.670
1967    312.830
1968    600.080
1969        NaN
1970    224.000
1971    362.340
1972    330.000
1973        NaN
1974    559.000
1975    152.000
1976        NaN
1977    334.000
1978    326.000
1979    393.000
1980        NaN
1981    314.000
1982    345.000
1983        NaN
1984    286.000
1985    408.000
1986        NaN
1987    304.000
1988    402.000
1989    262.000
1990    427.000
1991    220.000
1992    378.000
1993        NaN
1994    400.000
1995    385.000
1996    301.000
1997    192.000
1998    295.000
1999    331.299
2000    462.399
2001        NaN
2002    338.000
2003    482.000
2004    265.800
2005        NaN
2006    173.000
2007    352.300
2008    387.000
2009    389.800
2010    330.400
2011    311.600
2012    422.614
2013        NaN
2014    507.053
2015    267.000
2016    313.000
2017    197.000
2018    320.000
2019    445.000
2020        NaN
2021    423.300
2022    193.249
2024-03-17 20:53:50 - End of input data
